c:\курс_2\аистрд\aistrd3sem\lab4\x64\debug\lab4.pdb
c:\курс_2\аистрд\aistrd3sem\lab4\x64\debug\lab4.idb
c:\курс_2\аистрд\aistrd3sem\lab4\x64\debug\mainforlab4.obj
c:\курс_2\аистрд\aistrd3sem\lab4\x64\debug\consoleoutput.obj
c:\курс_2\аистрд\aistrd3sem\lab4\x64\debug\basicarrayfunctionsforlab4.obj
c:\курс_2\аистрд\aistrd3sem\lab4\x64\debug\arraysorts.obj
c:\курс_2\аистрд\aistrd3sem\lab4\x64\debug\binarytree.obj
c:\курс_2\аистрд\aistrd3sem\lab4\x64\debug\vc141.pdb
c:\курс_2\аистрд\aistrd3sem\lab4\x64\debug\vc141.idb
c:\курс_2\аистрд\aistrd3sem\x64\debug\lab4.lib
c:\курс_2\аистрд\aistrd3sem\x64\debug\lab4.exp
c:\курс_2\аистрд\aistrd3sem\x64\debug\lab4.exe
c:\курс_2\аистрд\aistrd3sem\x64\debug\lab4.ilk
c:\курс_2\аистрд\aistrd3sem\x64\debug\lab4.pdb
c:\курс_2\аистрд\aistrd3sem\lab4\x64\debug\lab4.tlog\cl.command.1.tlog
c:\курс_2\аистрд\aistrd3sem\lab4\x64\debug\lab4.tlog\cl.read.1.tlog
c:\курс_2\аистрд\aistrd3sem\lab4\x64\debug\lab4.tlog\cl.write.1.tlog
c:\курс_2\аистрд\aistrd3sem\lab4\x64\debug\lab4.tlog\lab4.write.1u.tlog
c:\курс_2\аистрд\aistrd3sem\lab4\x64\debug\lab4.tlog\lib-link.read.1.tlog
c:\курс_2\аистрд\aistrd3sem\lab4\x64\debug\lab4.tlog\lib-link.write.1.tlog
c:\курс_2\аистрд\aistrd3sem\lab4\x64\debug\lab4.tlog\lib.command.1.tlog
c:\курс_2\аистрд\aistrd3sem\lab4\x64\debug\lab4.tlog\link.12136.delete.1.tlog
c:\курс_2\аистрд\aistrd3sem\lab4\x64\debug\lab4.tlog\link.13808.delete.1.tlog
c:\курс_2\аистрд\aistrd3sem\lab4\x64\debug\lab4.tlog\link.15164.delete.1.tlog
c:\курс_2\аистрд\aistrd3sem\lab4\x64\debug\lab4.tlog\link.6728.delete.1.tlog
c:\курс_2\аистрд\aistrd3sem\lab4\x64\debug\lab4.tlog\link.command.1.tlog
c:\курс_2\аистрд\aistrd3sem\lab4\x64\debug\lab4.tlog\link.delete.1.tlog
c:\курс_2\аистрд\aistrd3sem\lab4\x64\debug\lab4.tlog\link.read.1.tlog
c:\курс_2\аистрд\aistrd3sem\lab4\x64\debug\lab4.tlog\link.write.1.tlog
