c:\курс_2\аистрд\aistrd3sem\lab4\debug\vc141.pdb
c:\курс_2\аистрд\aistrd3sem\lab4\debug\vc141.idb
c:\курс_2\аистрд\aistrd3sem\lab4\debug\mainforlab4.obj
c:\курс_2\аистрд\aistrd3sem\lab4\debug\arraysorts.obj
c:\курс_2\аистрд\aistrd3sem\lab4\debug\consoleoutput.obj
c:\курс_2\аистрд\aistrd3sem\lab4\debug\basicarrayfunctionsforlab4.obj
c:\курс_2\аистрд\aistrd3sem\debug\lab4.lib
c:\курс_2\аистрд\aistrd3sem\debug\lab4.exp
c:\курс_2\аистрд\aistrd3sem\debug\lab4.exe
c:\курс_2\аистрд\aistrd3sem\debug\lab4.ilk
c:\курс_2\аистрд\aistrd3sem\debug\lab4.pdb
c:\курс_2\аистрд\aistrd3sem\lab4\debug\lab4.idb
c:\курс_2\аистрд\aistrd3sem\lab4\debug\lab4.pdb
c:\курс_2\аистрд\aistrd3sem\lab4\debug\lab4.tlog\cl.command.1.tlog
c:\курс_2\аистрд\aistrd3sem\lab4\debug\lab4.tlog\cl.read.1.tlog
c:\курс_2\аистрд\aistrd3sem\lab4\debug\lab4.tlog\cl.write.1.tlog
c:\курс_2\аистрд\aistrd3sem\lab4\debug\lab4.tlog\lab4.write.1u.tlog
c:\курс_2\аистрд\aistrd3sem\lab4\debug\lab4.tlog\lib-link.read.1.tlog
c:\курс_2\аистрд\aistrd3sem\lab4\debug\lab4.tlog\lib-link.write.1.tlog
c:\курс_2\аистрд\aistrd3sem\lab4\debug\lab4.tlog\lib.command.1.tlog
c:\курс_2\аистрд\aistrd3sem\lab4\debug\lab4.tlog\link.11868.delete.1.tlog
c:\курс_2\аистрд\aistrd3sem\lab4\debug\lab4.tlog\link.12840.delete.1.tlog
c:\курс_2\аистрд\aistrd3sem\lab4\debug\lab4.tlog\link.15136.delete.1.tlog
c:\курс_2\аистрд\aistrd3sem\lab4\debug\lab4.tlog\link.16408.delete.1.tlog
c:\курс_2\аистрд\aistrd3sem\lab4\debug\lab4.tlog\link.4564.delete.1.tlog
c:\курс_2\аистрд\aistrd3sem\lab4\debug\lab4.tlog\link.6632.delete.1.tlog
c:\курс_2\аистрд\aistrd3sem\lab4\debug\lab4.tlog\link.6700.delete.1.tlog
c:\курс_2\аистрд\aistrd3sem\lab4\debug\lab4.tlog\link.7100.delete.1.tlog
c:\курс_2\аистрд\aistrd3sem\lab4\debug\lab4.tlog\link.9188.delete.1.tlog
c:\курс_2\аистрд\aistrd3sem\lab4\debug\lab4.tlog\link.command.1.tlog
c:\курс_2\аистрд\aistrd3sem\lab4\debug\lab4.tlog\link.delete.1.tlog
c:\курс_2\аистрд\aistrd3sem\lab4\debug\lab4.tlog\link.read.1.tlog
c:\курс_2\аистрд\aistrd3sem\lab4\debug\lab4.tlog\link.write.1.tlog
